mode: set
github.com/KauanCarvalho/fiap-sa-product-service/cmd/api/main.go:26.13,30.16 3 0
github.com/KauanCarvalho/fiap-sa-product-service/cmd/api/main.go:30.16,32.3 1 0
github.com/KauanCarvalho/fiap-sa-product-service/cmd/api/main.go:34.2,35.16 2 0
github.com/KauanCarvalho/fiap-sa-product-service/cmd/api/main.go:35.16,37.3 1 0
github.com/KauanCarvalho/fiap-sa-product-service/cmd/api/main.go:38.2,43.17 4 0
github.com/KauanCarvalho/fiap-sa-product-service/internal/adapter/api/api.go:27.57,32.2 1 0
github.com/KauanCarvalho/fiap-sa-product-service/internal/adapter/api/api.go:34.24,42.16 4 0
github.com/KauanCarvalho/fiap-sa-product-service/internal/adapter/api/api.go:42.16,47.3 1 0
github.com/KauanCarvalho/fiap-sa-product-service/internal/adapter/api/api.go:50.46,52.2 1 0
github.com/KauanCarvalho/fiap-sa-product-service/internal/adapter/api/api.go:54.74,61.2 4 0
github.com/KauanCarvalho/fiap-sa-product-service/internal/adapter/api/api.go:63.58,70.41 2 0
github.com/KauanCarvalho/fiap-sa-product-service/internal/adapter/api/api.go:70.41,72.4 1 0
github.com/KauanCarvalho/fiap-sa-product-service/internal/adapter/api/api.go:76.77,81.25 3 0
github.com/KauanCarvalho/fiap-sa-product-service/internal/adapter/api/api.go:81.25,84.3 2 0
github.com/KauanCarvalho/fiap-sa-product-service/internal/adapter/api/handler/health_check_handler.go:16.76,20.2 1 1
github.com/KauanCarvalho/fiap-sa-product-service/internal/adapter/api/handler/health_check_handler.go:31.53,34.64 2 1
github.com/KauanCarvalho/fiap-sa-product-service/internal/adapter/api/handler/health_check_handler.go:34.64,40.3 1 1
github.com/KauanCarvalho/fiap-sa-product-service/internal/adapter/api/handler/health_check_handler.go:42.2,42.31 1 1
github.com/KauanCarvalho/fiap-sa-product-service/internal/adapter/api/handler/health_check_handler.go:42.31,45.3 2 1
github.com/KauanCarvalho/fiap-sa-product-service/internal/adapter/api/handler/health_check_handler.go:47.2,47.60 1 1
github.com/KauanCarvalho/fiap-sa-product-service/internal/adapter/api/middleware/logger.go:10.31,11.30 1 1
github.com/KauanCarvalho/fiap-sa-product-service/internal/adapter/api/middleware/logger.go:11.30,33.3 10 1
github.com/KauanCarvalho/fiap-sa-product-service/internal/adapter/api/middleware/recovery.go:13.33,14.30 1 1
github.com/KauanCarvalho/fiap-sa-product-service/internal/adapter/api/middleware/recovery.go:14.30,15.16 1 1
github.com/KauanCarvalho/fiap-sa-product-service/internal/adapter/api/middleware/recovery.go:15.16,16.36 1 1
github.com/KauanCarvalho/fiap-sa-product-service/internal/adapter/api/middleware/recovery.go:16.36,35.5 4 1
github.com/KauanCarvalho/fiap-sa-product-service/internal/adapter/api/middleware/recovery.go:38.3,38.11 1 1
github.com/KauanCarvalho/fiap-sa-product-service/internal/adapter/datastore/datastore.go:17.49,19.2 1 1
github.com/KauanCarvalho/fiap-sa-product-service/internal/adapter/datastore/health_check.go:7.54,12.16 4 1
github.com/KauanCarvalho/fiap-sa-product-service/internal/adapter/datastore/health_check.go:12.16,14.3 1 0
github.com/KauanCarvalho/fiap-sa-product-service/internal/adapter/datastore/health_check.go:16.2,16.31 1 1
github.com/KauanCarvalho/fiap-sa-product-service/internal/application/dto/error_output.go:13.76,23.2 1 1
github.com/KauanCarvalho/fiap-sa-product-service/internal/application/mock/datastore.go:14.57,15.21 1 1
github.com/KauanCarvalho/fiap-sa-product-service/internal/application/mock/datastore.go:15.21,17.3 1 1
github.com/KauanCarvalho/fiap-sa-product-service/internal/application/mock/datastore.go:19.2,19.34 1 1
github.com/KauanCarvalho/fiap-sa-product-service/internal/config/config.go:26.21,30.48 3 0
github.com/KauanCarvalho/fiap-sa-product-service/internal/config/config.go:30.48,32.3 1 0
github.com/KauanCarvalho/fiap-sa-product-service/internal/config/config.go:34.2,47.15 2 0
github.com/KauanCarvalho/fiap-sa-product-service/internal/config/config.go:50.40,52.2 1 0
github.com/KauanCarvalho/fiap-sa-product-service/internal/config/config.go:54.39,56.2 1 0
github.com/KauanCarvalho/fiap-sa-product-service/internal/config/helper.go:8.34,9.40 1 0
github.com/KauanCarvalho/fiap-sa-product-service/internal/config/helper.go:9.40,11.3 1 0
github.com/KauanCarvalho/fiap-sa-product-service/internal/config/helper.go:13.2,13.44 1 0
github.com/KauanCarvalho/fiap-sa-product-service/internal/config/helper.go:16.42,17.40 1 0
github.com/KauanCarvalho/fiap-sa-product-service/internal/config/helper.go:17.40,19.3 1 0
github.com/KauanCarvalho/fiap-sa-product-service/internal/config/helper.go:21.2,21.17 1 0
github.com/KauanCarvalho/fiap-sa-product-service/internal/config/helper.go:24.48,25.40 1 0
github.com/KauanCarvalho/fiap-sa-product-service/internal/config/helper.go:25.40,26.55 1 0
github.com/KauanCarvalho/fiap-sa-product-service/internal/config/helper.go:26.55,28.4 1 0
github.com/KauanCarvalho/fiap-sa-product-service/internal/config/helper.go:30.3,30.18 1 0
github.com/KauanCarvalho/fiap-sa-product-service/internal/config/helper.go:33.2,33.17 1 0
github.com/KauanCarvalho/fiap-sa-product-service/internal/di/database.go:20.70,22.24 2 0
github.com/KauanCarvalho/fiap-sa-product-service/internal/di/database.go:22.24,24.3 1 0
github.com/KauanCarvalho/fiap-sa-product-service/internal/di/database.go:24.8,26.3 1 0
github.com/KauanCarvalho/fiap-sa-product-service/internal/di/database.go:28.2,31.20 2 0
github.com/KauanCarvalho/fiap-sa-product-service/internal/di/database.go:31.20,33.3 1 0
github.com/KauanCarvalho/fiap-sa-product-service/internal/di/database.go:35.2,36.18 2 0
github.com/KauanCarvalho/fiap-sa-product-service/internal/di/database.go:36.18,38.3 1 0
github.com/KauanCarvalho/fiap-sa-product-service/internal/di/database.go:40.2,47.47 6 0
github.com/KauanCarvalho/fiap-sa-product-service/internal/di/database.go:47.47,49.3 1 0
github.com/KauanCarvalho/fiap-sa-product-service/internal/di/database.go:51.2,51.16 1 0
github.com/KauanCarvalho/fiap-sa-product-service/internal/di/database.go:54.43,63.2 1 0
github.com/KauanCarvalho/fiap-sa-product-service/swagger/docs.go:110.13,112.2 1 0
